  Source.cpp
d:\программы на c\laba 4\laba 4\source.cpp(23): warning C4473: "scanf_s": передано недостаточно аргументов для строки формата
  d:\программы на c\laba 4\laba 4\source.cpp(23): note: заполнители и их параметры ожидают переменное число аргументов в количестве 2, но было предоставлено 1
  d:\программы на c\laba 4\laba 4\source.cpp(23): note: отсутствующий вариативный аргумент "2" требуется для строки форматирования "%c"
  d:\программы на c\laba 4\laba 4\source.cpp(23): note: этот аргумент используется в качестве размера буфера
d:\программы на c\laba 4\laba 4\source.cpp(83): warning C4473: "scanf_s": передано недостаточно аргументов для строки формата
  d:\программы на c\laba 4\laba 4\source.cpp(83): note: заполнители и их параметры ожидают переменное число аргументов в количестве 2, но было предоставлено 1
  d:\программы на c\laba 4\laba 4\source.cpp(83): note: отсутствующий вариативный аргумент "2" требуется для строки форматирования "%c"
  d:\программы на c\laba 4\laba 4\source.cpp(83): note: этот аргумент используется в качестве размера буфера
d:\программы на c\laba 4\laba 4\source.cpp(107): warning C4473: "scanf_s": передано недостаточно аргументов для строки формата
  d:\программы на c\laba 4\laba 4\source.cpp(107): note: заполнители и их параметры ожидают переменное число аргументов в количестве 2, но было предоставлено 1
  d:\программы на c\laba 4\laba 4\source.cpp(107): note: отсутствующий вариативный аргумент "2" требуется для строки форматирования "%c"
  d:\программы на c\laba 4\laba 4\source.cpp(107): note: этот аргумент используется в качестве размера буфера
d:\программы на c\laba 4\laba 4\source.cpp(154): warning C4101: bufer2: неиспользованная локальная переменная
d:\программы на c\laba 4\laba 4\source.cpp(277): warning C4473: "scanf_s": передано недостаточно аргументов для строки формата
  d:\программы на c\laba 4\laba 4\source.cpp(277): note: заполнители и их параметры ожидают переменное число аргументов в количестве 2, но было предоставлено 1
  d:\программы на c\laba 4\laba 4\source.cpp(277): note: отсутствующий вариативный аргумент "2" требуется для строки форматирования "%c"
  d:\программы на c\laba 4\laba 4\source.cpp(277): note: этот аргумент используется в качестве размера буфера
d:\программы на c\laba 4\laba 4\source.cpp(269): warning C4101: temp: неиспользованная локальная переменная
d:\программы на c\laba 4\laba 4\source.cpp(620): warning C4473: "scanf_s": передано недостаточно аргументов для строки формата
  d:\программы на c\laba 4\laba 4\source.cpp(620): note: заполнители и их параметры ожидают переменное число аргументов в количестве 2, но было предоставлено 1
  d:\программы на c\laba 4\laba 4\source.cpp(620): note: отсутствующий вариативный аргумент "2" требуется для строки форматирования "%c"
  d:\программы на c\laba 4\laba 4\source.cpp(620): note: этот аргумент используется в качестве размера буфера
d:\программы на c\laba 4\laba 4\source.cpp(654): warning C4129: e: неизвестная escape-последовательность
d:\программы на c\laba 4\laba 4\source.cpp(734): warning C4473: "fscanf_s": передано недостаточно аргументов для строки формата
  d:\программы на c\laba 4\laba 4\source.cpp(734): note: заполнители и их параметры ожидают переменное число аргументов в количестве 2, но было предоставлено 1
  d:\программы на c\laba 4\laba 4\source.cpp(734): note: отсутствующий вариативный аргумент "2" требуется для строки форматирования "%c"
  d:\программы на c\laba 4\laba 4\source.cpp(734): note: этот аргумент используется в качестве размера буфера
d:\программы на c\laba 4\laba 4\source.cpp(748): warning C4473: "fscanf_s": передано недостаточно аргументов для строки формата
  d:\программы на c\laba 4\laba 4\source.cpp(748): note: заполнители и их параметры ожидают переменное число аргументов в количестве 2, но было предоставлено 1
  d:\программы на c\laba 4\laba 4\source.cpp(748): note: отсутствующий вариативный аргумент "2" требуется для строки форматирования "%c"
  d:\программы на c\laba 4\laba 4\source.cpp(748): note: этот аргумент используется в качестве размера буфера
d:\программы на c\laba 4\laba 4\source.cpp(760): warning C4473: "fscanf_s": передано недостаточно аргументов для строки формата
  d:\программы на c\laba 4\laba 4\source.cpp(760): note: заполнители и их параметры ожидают переменное число аргументов в количестве 2, но было предоставлено 1
  d:\программы на c\laba 4\laba 4\source.cpp(760): note: отсутствующий вариативный аргумент "2" требуется для строки форматирования "%c"
  d:\программы на c\laba 4\laba 4\source.cpp(760): note: этот аргумент используется в качестве размера буфера
d:\программы на c\laba 4\laba 4\source.cpp(763): warning C4473: "fscanf_s": передано недостаточно аргументов для строки формата
  d:\программы на c\laba 4\laba 4\source.cpp(763): note: заполнители и их параметры ожидают переменное число аргументов в количестве 2, но было предоставлено 1
  d:\программы на c\laba 4\laba 4\source.cpp(763): note: отсутствующий вариативный аргумент "2" требуется для строки форматирования "%c"
  d:\программы на c\laba 4\laba 4\source.cpp(763): note: этот аргумент используется в качестве размера буфера
d:\программы на c\laba 4\laba 4\source.cpp(771): warning C4473: "fscanf_s": передано недостаточно аргументов для строки формата
  d:\программы на c\laba 4\laba 4\source.cpp(771): note: заполнители и их параметры ожидают переменное число аргументов в количестве 2, но было предоставлено 1
  d:\программы на c\laba 4\laba 4\source.cpp(771): note: отсутствующий вариативный аргумент "2" требуется для строки форматирования "%c"
  d:\программы на c\laba 4\laba 4\source.cpp(771): note: этот аргумент используется в качестве размера буфера
d:\программы на c\laba 4\laba 4\source.cpp(774): warning C4473: "fscanf_s": передано недостаточно аргументов для строки формата
  d:\программы на c\laba 4\laba 4\source.cpp(774): note: заполнители и их параметры ожидают переменное число аргументов в количестве 2, но было предоставлено 1
  d:\программы на c\laba 4\laba 4\source.cpp(774): note: отсутствующий вариативный аргумент "2" требуется для строки форматирования "%c"
  d:\программы на c\laba 4\laba 4\source.cpp(774): note: этот аргумент используется в качестве размера буфера
d:\программы на c\laba 4\laba 4\source.cpp(777): warning C4473: "fscanf_s": передано недостаточно аргументов для строки формата
  d:\программы на c\laba 4\laba 4\source.cpp(777): note: заполнители и их параметры ожидают переменное число аргументов в количестве 2, но было предоставлено 1
  d:\программы на c\laba 4\laba 4\source.cpp(777): note: отсутствующий вариативный аргумент "2" требуется для строки форматирования "%c"
  d:\программы на c\laba 4\laba 4\source.cpp(777): note: этот аргумент используется в качестве размера буфера
d:\программы на c\laba 4\laba 4\source.cpp(780): warning C4473: "fscanf_s": передано недостаточно аргументов для строки формата
  d:\программы на c\laba 4\laba 4\source.cpp(780): note: заполнители и их параметры ожидают переменное число аргументов в количестве 2, но было предоставлено 1
  d:\программы на c\laba 4\laba 4\source.cpp(780): note: отсутствующий вариативный аргумент "2" требуется для строки форматирования "%c"
  d:\программы на c\laba 4\laba 4\source.cpp(780): note: этот аргумент используется в качестве размера буфера
d:\программы на c\laba 4\laba 4\source.cpp(785): warning C4473: "fscanf_s": передано недостаточно аргументов для строки формата
  d:\программы на c\laba 4\laba 4\source.cpp(785): note: заполнители и их параметры ожидают переменное число аргументов в количестве 2, но было предоставлено 1
  d:\программы на c\laba 4\laba 4\source.cpp(785): note: отсутствующий вариативный аргумент "2" требуется для строки форматирования "%c"
  d:\программы на c\laba 4\laba 4\source.cpp(785): note: этот аргумент используется в качестве размера буфера
d:\программы на c\laba 4\laba 4\source.cpp(821): warning C4473: "scanf_s": передано недостаточно аргументов для строки формата
  d:\программы на c\laba 4\laba 4\source.cpp(821): note: заполнители и их параметры ожидают переменное число аргументов в количестве 2, но было предоставлено 1
  d:\программы на c\laba 4\laba 4\source.cpp(821): note: отсутствующий вариативный аргумент "2" требуется для строки форматирования "%c"
  d:\программы на c\laba 4\laba 4\source.cpp(821): note: этот аргумент используется в качестве размера буфера
d:\программы на c\laba 4\laba 4\source.cpp(852): warning C4473: "fscanf_s": передано недостаточно аргументов для строки формата
  d:\программы на c\laba 4\laba 4\source.cpp(852): note: заполнители и их параметры ожидают переменное число аргументов в количестве 2, но было предоставлено 1
  d:\программы на c\laba 4\laba 4\source.cpp(852): note: отсутствующий вариативный аргумент "2" требуется для строки форматирования "%c"
  d:\программы на c\laba 4\laba 4\source.cpp(852): note: этот аргумент используется в качестве размера буфера
d:\программы на c\laba 4\laba 4\source.cpp(853): warning C4473: "fscanf_s": передано недостаточно аргументов для строки формата
  d:\программы на c\laba 4\laba 4\source.cpp(853): note: заполнители и их параметры ожидают переменное число аргументов в количестве 2, но было предоставлено 1
  d:\программы на c\laba 4\laba 4\source.cpp(853): note: отсутствующий вариативный аргумент "2" требуется для строки форматирования "%c"
  d:\программы на c\laba 4\laba 4\source.cpp(853): note: этот аргумент используется в качестве размера буфера
  laba 4.vcxproj -> D:\программы на C\laba 4\Debug\laba 4.exe
