  Source.cpp
d:\программы на c\laba 5\laba 5\source.cpp(25): warning C4473: "scanf_s": передано недостаточно аргументов для строки формата
  d:\программы на c\laba 5\laba 5\source.cpp(25): note: заполнители и их параметры ожидают переменное число аргументов в количестве 2, но было предоставлено 1
  d:\программы на c\laba 5\laba 5\source.cpp(25): note: отсутствующий вариативный аргумент "2" требуется для строки форматирования "%c"
  d:\программы на c\laba 5\laba 5\source.cpp(25): note: этот аргумент используется в качестве размера буфера
d:\программы на c\laba 5\laba 5\source.cpp(85): warning C4473: "scanf_s": передано недостаточно аргументов для строки формата
  d:\программы на c\laba 5\laba 5\source.cpp(85): note: заполнители и их параметры ожидают переменное число аргументов в количестве 2, но было предоставлено 1
  d:\программы на c\laba 5\laba 5\source.cpp(85): note: отсутствующий вариативный аргумент "2" требуется для строки форматирования "%c"
  d:\программы на c\laba 5\laba 5\source.cpp(85): note: этот аргумент используется в качестве размера буфера
d:\программы на c\laba 5\laba 5\source.cpp(109): warning C4473: "scanf_s": передано недостаточно аргументов для строки формата
  d:\программы на c\laba 5\laba 5\source.cpp(109): note: заполнители и их параметры ожидают переменное число аргументов в количестве 2, но было предоставлено 1
  d:\программы на c\laba 5\laba 5\source.cpp(109): note: отсутствующий вариативный аргумент "2" требуется для строки форматирования "%c"
  d:\программы на c\laba 5\laba 5\source.cpp(109): note: этот аргумент используется в качестве размера буфера
d:\программы на c\laba 5\laba 5\source.cpp(157): warning C4101: bufer2: неиспользованная локальная переменная
d:\программы на c\laba 5\laba 5\source.cpp(271): warning C4473: "scanf_s": передано недостаточно аргументов для строки формата
  d:\программы на c\laba 5\laba 5\source.cpp(271): note: заполнители и их параметры ожидают переменное число аргументов в количестве 2, но было предоставлено 1
  d:\программы на c\laba 5\laba 5\source.cpp(271): note: отсутствующий вариативный аргумент "2" требуется для строки форматирования "%c"
  d:\программы на c\laba 5\laba 5\source.cpp(271): note: этот аргумент используется в качестве размера буфера
d:\программы на c\laba 5\laba 5\source.cpp(263): warning C4101: temp: неиспользованная локальная переменная
d:\программы на c\laba 5\laba 5\source.cpp(611): warning C4473: "scanf_s": передано недостаточно аргументов для строки формата
  d:\программы на c\laba 5\laba 5\source.cpp(611): note: заполнители и их параметры ожидают переменное число аргументов в количестве 2, но было предоставлено 1
  d:\программы на c\laba 5\laba 5\source.cpp(611): note: отсутствующий вариативный аргумент "2" требуется для строки форматирования "%c"
  d:\программы на c\laba 5\laba 5\source.cpp(611): note: этот аргумент используется в качестве размера буфера
d:\программы на c\laba 5\laba 5\source.cpp(645): warning C4129: e: неизвестная escape-последовательность
d:\программы на c\laba 5\laba 5\source.cpp(733): warning C4473: "fscanf_s": передано недостаточно аргументов для строки формата
  d:\программы на c\laba 5\laba 5\source.cpp(733): note: заполнители и их параметры ожидают переменное число аргументов в количестве 2, но было предоставлено 1
  d:\программы на c\laba 5\laba 5\source.cpp(733): note: отсутствующий вариативный аргумент "2" требуется для строки форматирования "%c"
  d:\программы на c\laba 5\laba 5\source.cpp(733): note: этот аргумент используется в качестве размера буфера
d:\программы на c\laba 5\laba 5\source.cpp(747): warning C4473: "fscanf_s": передано недостаточно аргументов для строки формата
  d:\программы на c\laba 5\laba 5\source.cpp(747): note: заполнители и их параметры ожидают переменное число аргументов в количестве 2, но было предоставлено 1
  d:\программы на c\laba 5\laba 5\source.cpp(747): note: отсутствующий вариативный аргумент "2" требуется для строки форматирования "%c"
  d:\программы на c\laba 5\laba 5\source.cpp(747): note: этот аргумент используется в качестве размера буфера
d:\программы на c\laba 5\laba 5\source.cpp(759): warning C4473: "fscanf_s": передано недостаточно аргументов для строки формата
  d:\программы на c\laba 5\laba 5\source.cpp(759): note: заполнители и их параметры ожидают переменное число аргументов в количестве 2, но было предоставлено 1
  d:\программы на c\laba 5\laba 5\source.cpp(759): note: отсутствующий вариативный аргумент "2" требуется для строки форматирования "%c"
  d:\программы на c\laba 5\laba 5\source.cpp(759): note: этот аргумент используется в качестве размера буфера
d:\программы на c\laba 5\laba 5\source.cpp(762): warning C4473: "fscanf_s": передано недостаточно аргументов для строки формата
  d:\программы на c\laba 5\laba 5\source.cpp(762): note: заполнители и их параметры ожидают переменное число аргументов в количестве 2, но было предоставлено 1
  d:\программы на c\laba 5\laba 5\source.cpp(762): note: отсутствующий вариативный аргумент "2" требуется для строки форматирования "%c"
  d:\программы на c\laba 5\laba 5\source.cpp(762): note: этот аргумент используется в качестве размера буфера
d:\программы на c\laba 5\laba 5\source.cpp(770): warning C4473: "fscanf_s": передано недостаточно аргументов для строки формата
  d:\программы на c\laba 5\laba 5\source.cpp(770): note: заполнители и их параметры ожидают переменное число аргументов в количестве 2, но было предоставлено 1
  d:\программы на c\laba 5\laba 5\source.cpp(770): note: отсутствующий вариативный аргумент "2" требуется для строки форматирования "%c"
  d:\программы на c\laba 5\laba 5\source.cpp(770): note: этот аргумент используется в качестве размера буфера
d:\программы на c\laba 5\laba 5\source.cpp(773): warning C4473: "fscanf_s": передано недостаточно аргументов для строки формата
  d:\программы на c\laba 5\laba 5\source.cpp(773): note: заполнители и их параметры ожидают переменное число аргументов в количестве 2, но было предоставлено 1
  d:\программы на c\laba 5\laba 5\source.cpp(773): note: отсутствующий вариативный аргумент "2" требуется для строки форматирования "%c"
  d:\программы на c\laba 5\laba 5\source.cpp(773): note: этот аргумент используется в качестве размера буфера
d:\программы на c\laba 5\laba 5\source.cpp(776): warning C4473: "fscanf_s": передано недостаточно аргументов для строки формата
  d:\программы на c\laba 5\laba 5\source.cpp(776): note: заполнители и их параметры ожидают переменное число аргументов в количестве 2, но было предоставлено 1
  d:\программы на c\laba 5\laba 5\source.cpp(776): note: отсутствующий вариативный аргумент "2" требуется для строки форматирования "%c"
  d:\программы на c\laba 5\laba 5\source.cpp(776): note: этот аргумент используется в качестве размера буфера
d:\программы на c\laba 5\laba 5\source.cpp(779): warning C4473: "fscanf_s": передано недостаточно аргументов для строки формата
  d:\программы на c\laba 5\laba 5\source.cpp(779): note: заполнители и их параметры ожидают переменное число аргументов в количестве 2, но было предоставлено 1
  d:\программы на c\laba 5\laba 5\source.cpp(779): note: отсутствующий вариативный аргумент "2" требуется для строки форматирования "%c"
  d:\программы на c\laba 5\laba 5\source.cpp(779): note: этот аргумент используется в качестве размера буфера
d:\программы на c\laba 5\laba 5\source.cpp(784): warning C4473: "fscanf_s": передано недостаточно аргументов для строки формата
  d:\программы на c\laba 5\laba 5\source.cpp(784): note: заполнители и их параметры ожидают переменное число аргументов в количестве 2, но было предоставлено 1
  d:\программы на c\laba 5\laba 5\source.cpp(784): note: отсутствующий вариативный аргумент "2" требуется для строки форматирования "%c"
  d:\программы на c\laba 5\laba 5\source.cpp(784): note: этот аргумент используется в качестве размера буфера
d:\программы на c\laba 5\laba 5\source.cpp(828): warning C4473: "scanf_s": передано недостаточно аргументов для строки формата
  d:\программы на c\laba 5\laba 5\source.cpp(828): note: заполнители и их параметры ожидают переменное число аргументов в количестве 2, но было предоставлено 1
  d:\программы на c\laba 5\laba 5\source.cpp(828): note: отсутствующий вариативный аргумент "2" требуется для строки форматирования "%c"
  d:\программы на c\laba 5\laba 5\source.cpp(828): note: этот аргумент используется в качестве размера буфера
d:\программы на c\laba 5\laba 5\source.cpp(859): warning C4473: "fscanf_s": передано недостаточно аргументов для строки формата
  d:\программы на c\laba 5\laba 5\source.cpp(859): note: заполнители и их параметры ожидают переменное число аргументов в количестве 2, но было предоставлено 1
  d:\программы на c\laba 5\laba 5\source.cpp(859): note: отсутствующий вариативный аргумент "2" требуется для строки форматирования "%c"
  d:\программы на c\laba 5\laba 5\source.cpp(859): note: этот аргумент используется в качестве размера буфера
d:\программы на c\laba 5\laba 5\source.cpp(860): warning C4473: "fscanf_s": передано недостаточно аргументов для строки формата
  d:\программы на c\laba 5\laba 5\source.cpp(860): note: заполнители и их параметры ожидают переменное число аргументов в количестве 2, но было предоставлено 1
  d:\программы на c\laba 5\laba 5\source.cpp(860): note: отсутствующий вариативный аргумент "2" требуется для строки форматирования "%c"
  d:\программы на c\laba 5\laba 5\source.cpp(860): note: этот аргумент используется в качестве размера буфера
  laba 5.vcxproj -> D:\программы на C\laba 5\Debug\laba 5.exe
